app/build/outputs/logs/manifest-merger-release-report.txt
-- Merging decision tree log ---
manifest
ADDED from src/main/AndroidManifest.xml:1:1-219:12
INJECTED from src/main/AndroidManifest.xml:1:1-219:12
INJECTED from src/main/AndroidManifest.xml:1:1-219:12
INJECTED from src/main/AndroidManifest.xml:1:1-219:12
INJECTED from src/main/AndroidManifest.xml:1:1-219:12
INJECTED from src/main/AndroidManifest.xml:1:1-219:12
INJECTED from src/main/AndroidManifest.xml:1:1-219:12
	package
		ADDED from src/main/AndroidManifest.xml:2:5-37
		INJECTED from src/main/AndroidManifest.xml
		INJECTED from src/main/AndroidManifest.xml
	android:versionName
		ADDED from src/main/AndroidManifest.xml:4:5-34
		INJECTED from src/main/AndroidManifest.xml
		INJECTED from src/main/AndroidManifest.xml
	xmlns:android
		ADDED from src/main/AndroidManifest.xml:1:11-69
	android:versionCode
		ADDED from src/main/AndroidManifest.xml:3:5-28
		INJECTED from src/main/AndroidManifest.xml
		INJECTED from src/main/AndroidManifest.xml
uses-sdk
ADDED from src/main/AndroidManifest.xml:6:5-8:41
INJECTED from src/main/AndroidManifest.xml:6:5-8:41
INJECTED from src/main/AndroidManifest.xml:6:5-8:41
INJECTED from src/main/AndroidManifest.xml:6:5-8:41
INJECTED from src/main/AndroidManifest.xml:6:5-8:41
	android:targetSdkVersion
		ADDED from src/main/AndroidManifest.xml:8:9-38
		INJECTED from src/main/AndroidManifest.xml
		INJECTED from src/main/AndroidManifest.xml
	android:minSdkVersion
		ADDED from src/main/AndroidManifest.xml:7:9-35
		INJECTED from src/main/AndroidManifest.xml
		INJECTED from src/main/AndroidManifest.xml
supports-screens
ADDED from src/main/AndroidManifest.xml:10:5-16:40
	android:largeScreens
		ADDED from src/main/AndroidManifest.xml:12:9-36
	android:smallScreens
		ADDED from src/main/AndroidManifest.xml:15:9-36
	android:normalScreens
		ADDED from src/main/AndroidManifest.xml:13:9-37
	android:xlargeScreens
		ADDED from src/main/AndroidManifest.xml:16:9-37
	android:resizeable
		ADDED from src/main/AndroidManifest.xml:14:9-34
	android:anyDensity
		ADDED from src/main/AndroidManifest.xml:11:9-34
uses-feature#android.hardware.camera
ADDED from src/main/AndroidManifest.xml:18:5-20:36
	android:required
		ADDED from src/main/AndroidManifest.xml:20:9-33
	android:name
		ADDED from src/main/AndroidManifest.xml:19:9-47
uses-feature#android.hardware.camera.autofocus
ADDED from src/main/AndroidManifest.xml:21:5-23:36
	android:required
		ADDED from src/main/AndroidManifest.xml:23:9-33
	android:name
		ADDED from src/main/AndroidManifest.xml:22:9-57
uses-feature#android.hardware.telephony
ADDED from src/main/AndroidManifest.xml:25:5-27:36
	android:required
		ADDED from src/main/AndroidManifest.xml:27:9-33
	android:name
		ADDED from src/main/AndroidManifest.xml:26:9-50
uses-permission#com.alipay.permission.ALIPAY_UPDATE_CREDENTIALS
ADDED from src/main/AndroidManifest.xml:29:5-87
	android:name
		ADDED from src/main/AndroidManifest.xml:29:22-84
uses-permission#com.android.launcher.permission.INSTALL_SHORTCUT
ADDED from src/main/AndroidManifest.xml:30:5-88
	android:name
		ADDED from src/main/AndroidManifest.xml:30:22-85
uses-permission#android.permission.BLUETOOTH
ADDED from src/main/AndroidManifest.xml:31:5-68
	android:name
		ADDED from src/main/AndroidManifest.xml:31:22-65
uses-permission#android.permission.CHANGE_WIFI_STATE
ADDED from src/main/AndroidManifest.xml:32:5-76
	android:name
		ADDED from src/main/AndroidManifest.xml:32:22-73
uses-permission#android.permission.CAMERA
ADDED from src/main/AndroidManifest.xml:33:5-65
	android:name
		ADDED from src/main/AndroidManifest.xml:33:22-62
uses-permission#android.permission.ACCESS_NETWORK_STATE
ADDED from src/main/AndroidManifest.xml:34:5-79
	android:name
		ADDED from src/main/AndroidManifest.xml:34:22-76
uses-permission#android.permission.MODIFY_AUDIO_SETTINGS
ADDED from src/main/AndroidManifest.xml:35:5-80
	android:name
		ADDED from src/main/AndroidManifest.xml:35:22-77
uses-permission#com.yunos.permission.TYID_MGR_SERVICE
ADDED from src/main/AndroidManifest.xml:36:5-77
	android:name
		ADDED from src/main/AndroidManifest.xml:36:22-74
uses-permission#android.permission.RECEIVE_SMS
ADDED from src/main/AndroidManifest.xml:37:5-70
	android:name
		ADDED from src/main/AndroidManifest.xml:37:22-67
uses-permission#android.permission.AUTHENTICATE_ACCOUNTS
ADDED from src/main/AndroidManifest.xml:38:5-80
	android:name
		ADDED from src/main/AndroidManifest.xml:38:22-77
uses-permission#com.alipay.permission.ALIPAY_USE_CREDENTIALS
ADDED from src/main/AndroidManifest.xml:39:5-84
	android:name
		ADDED from src/main/AndroidManifest.xml:39:22-81
uses-permission#com.aliyun.permission.TYID_MGR_SERVICE
ADDED from src/main/AndroidManifest.xml:40:5-78
	android:name
		ADDED from src/main/AndroidManifest.xml:40:22-75
uses-permission#android.permission.BATTERY_STATS
ADDED from src/main/AndroidManifest.xml:41:5-72
	android:name
		ADDED from src/main/AndroidManifest.xml:41:22-69
uses-permission#android.permission.READ_PHONE_STATE
ADDED from src/main/AndroidManifest.xml:42:5-75
	android:name
		ADDED from src/main/AndroidManifest.xml:42:22-72
uses-permission#android.permission.WRITE_EXTERNAL_STORAGE
ADDED from src/main/AndroidManifest.xml:43:5-81
	android:name
		ADDED from src/main/AndroidManifest.xml:43:22-78
uses-permission#android.permission.NFC
ADDED from src/main/AndroidManifest.xml:44:5-62
	android:name
		ADDED from src/main/AndroidManifest.xml:44:22-59
uses-permission#android.permission.RECORD_AUDIO
ADDED from src/main/AndroidManifest.xml:45:5-71
	android:name
		ADDED from src/main/AndroidManifest.xml:45:22-68
uses-permission#android.permission.READ_SMS
ADDED from src/main/AndroidManifest.xml:46:5-67
	android:name
		ADDED from src/main/AndroidManifest.xml:46:22-64
uses-permission#com.taobao.permission.UPDATE_CREDENTIALS
ADDED from src/main/AndroidManifest.xml:47:5-80
	android:name
		ADDED from src/main/AndroidManifest.xml:47:22-77
uses-permission#com.yunos.permission.STORAGE_SERVICE
ADDED from src/main/AndroidManifest.xml:48:5-76
	android:name
		ADDED from src/main/AndroidManifest.xml:48:22-73
uses-permission#com.sonyericsson.home.permission.BROADCAST_BADGE
ADDED from src/main/AndroidManifest.xml:49:5-88
	android:name
		ADDED from src/main/AndroidManifest.xml:49:22-85
uses-permission#com.android.launcher.permission.UNINSTALL_SHORTCUT
ADDED from src/main/AndroidManifest.xml:50:5-90
	android:name
		ADDED from src/main/AndroidManifest.xml:50:22-87
uses-permission#android.permission.READ_CONTACTS
ADDED from src/main/AndroidManifest.xml:51:5-72
	android:name
		ADDED from src/main/AndroidManifest.xml:51:22-69
uses-permission#android.permission.USE_CREDENTIALS
ADDED from src/main/AndroidManifest.xml:52:5-74
	android:name
		ADDED from src/main/AndroidManifest.xml:52:22-71
uses-permission#android.permission.VIBRATE
ADDED from src/main/AndroidManifest.xml:53:5-66
	android:name
		ADDED from src/main/AndroidManifest.xml:53:22-63
uses-permission#com.yunos.permission.TYID_SERVICE
ADDED from src/main/AndroidManifest.xml:54:5-73
	android:name
		ADDED from src/main/AndroidManifest.xml:54:22-70
uses-permission#android.permission.ACCESS_FINE_LOCATION
ADDED from src/main/AndroidManifest.xml:55:5-79
	android:name
		ADDED from src/main/AndroidManifest.xml:55:22-76
uses-permission#android.permission.FLASHLIGHT
ADDED from src/main/AndroidManifest.xml:56:5-69
	android:name
		ADDED from src/main/AndroidManifest.xml:56:22-66
uses-permission#com.taobao.permission.USE_CREDENTIALS
ADDED from src/main/AndroidManifest.xml:57:5-77
	android:name
		ADDED from src/main/AndroidManifest.xml:57:22-74
uses-permission#android.permission.ACCESS_COARSE_LOCATION
ADDED from src/main/AndroidManifest.xml:58:5-81
	android:name
		ADDED from src/main/AndroidManifest.xml:58:22-78
uses-permission#android.permission.MANAGE_ACCOUNTS
ADDED from src/main/AndroidManifest.xml:59:5-74
	android:name
		ADDED from src/main/AndroidManifest.xml:59:22-71
uses-permission#android.permission.CALL_PHONE
ADDED from src/main/AndroidManifest.xml:60:5-69
	android:name
		ADDED from src/main/AndroidManifest.xml:60:22-66
uses-permission#android.permission.READ_LOGS
ADDED from src/main/AndroidManifest.xml:61:5-68
	android:name
		ADDED from src/main/AndroidManifest.xml:61:22-65
uses-permission#android.permission.GET_ACCOUNTS
ADDED from src/main/AndroidManifest.xml:62:5-71
	android:name
		ADDED from src/main/AndroidManifest.xml:62:22-68
uses-permission#android.permission.GET_TASKS
ADDED from src/main/AndroidManifest.xml:63:5-68
	android:name
		ADDED from src/main/AndroidManifest.xml:63:22-65
uses-permission#android.permission.ACCESS_WIFI_STATE
ADDED from src/main/AndroidManifest.xml:64:5-76
	android:name
		ADDED from src/main/AndroidManifest.xml:64:22-73
uses-permission#com.android.launcher.permission.READ_SETTINGS
ADDED from src/main/AndroidManifest.xml:65:5-85
	android:name
		ADDED from src/main/AndroidManifest.xml:65:22-82
uses-permission#com.htc.launcher.permission.READ_SETTINGS
ADDED from src/main/AndroidManifest.xml:66:5-81
	android:name
		ADDED from src/main/AndroidManifest.xml:66:22-78
uses-permission#com.majeur.launcher.permission.UPDATE_BADGE
ADDED from src/main/AndroidManifest.xml:67:5-83
	android:name
		ADDED from src/main/AndroidManifest.xml:67:22-80
uses-permission#com.aliyun.permission.TYID_SERVICE
ADDED from src/main/AndroidManifest.xml:68:5-74
	android:name
		ADDED from src/main/AndroidManifest.xml:68:22-71
uses-permission#android.permission.WAKE_LOCK
ADDED from src/main/AndroidManifest.xml:69:5-68
	android:name
		ADDED from src/main/AndroidManifest.xml:69:22-65
uses-permission#android.permission.BLUETOOTH_ADMIN
ADDED from src/main/AndroidManifest.xml:70:5-74
	android:name
		ADDED from src/main/AndroidManifest.xml:70:22-71
uses-permission#android.permission.RECEIVE_BOOT_COMPLETED
ADDED from src/main/AndroidManifest.xml:71:5-81
	android:name
		ADDED from src/main/AndroidManifest.xml:71:22-78
uses-permission#android.permission.INTERNET
ADDED from src/main/AndroidManifest.xml:72:5-67
	android:name
		ADDED from src/main/AndroidManifest.xml:72:22-64
uses-permission#android.permission.SYSTEM_ALERT_WINDOW
ADDED from src/main/AndroidManifest.xml:73:5-78
	android:name
		ADDED from src/main/AndroidManifest.xml:73:22-75
uses-permission#com.htc.launcher.permission.UPDATE_SHORTCUT
ADDED from src/main/AndroidManifest.xml:74:5-83
	android:name
		ADDED from src/main/AndroidManifest.xml:74:22-80
uses-permission#android.permission.WRITE_SETTINGS
ADDED from src/main/AndroidManifest.xml:75:5-73
	android:name
		ADDED from src/main/AndroidManifest.xml:75:22-70
uses-permission#com.anddoes.launcher.permission.UPDATE_COUNT
ADDED from src/main/AndroidManifest.xml:76:5-84
	android:name
		ADDED from src/main/AndroidManifest.xml:76:22-81
uses-permission#android.permission.READ_PROFILE
ADDED from src/main/AndroidManifest.xml:77:5-71
	android:name
		ADDED from src/main/AndroidManifest.xml:77:22-68
uses-permission#android.permission.BROADCAST_STICKY
ADDED from src/main/AndroidManifest.xml:78:5-75
	android:name
		ADDED from src/main/AndroidManifest.xml:78:22-72
uses-permission#com.aliyun.permission.STORAGE_SERVICE
ADDED from src/main/AndroidManifest.xml:79:5-77
	android:name
		ADDED from src/main/AndroidManifest.xml:79:22-74
uses-permission#nxp.permission.ACCESS_WALLET_SERVICE
ADDED from src/main/AndroidManifest.xml:81:5-76
	android:name
		ADDED from src/main/AndroidManifest.xml:81:22-73
uses-permission#com.samsung.android.authservice.permission.READ_CONTENT_PROVIDER
ADDED from src/main/AndroidManifest.xml:82:5-104
	android:name
		ADDED from src/main/AndroidManifest.xml:82:22-101
uses-permission#android.permission.USE_FINGERPRINT
ADDED from src/main/AndroidManifest.xml:84:5-74
	android:name
		ADDED from src/main/AndroidManifest.xml:84:22-71
uses-permission#android.permission.MANAGE_FINGERPRINT
ADDED from src/main/AndroidManifest.xml:85:5-77
	android:name
		ADDED from src/main/AndroidManifest.xml:85:22-74
uses-permission#android.permission.READ_EXTERNAL_STORAGE
ADDED from src/main/AndroidManifest.xml:86:5-80
	android:name
		ADDED from src/main/AndroidManifest.xml:86:22-77
application
ADDED from src/main/AndroidManifest.xml:88:5-218:19
	android:label
		ADDED from src/main/AndroidManifest.xml:93:5-37
	android:hardwareAccelerated
		ADDED from src/main/AndroidManifest.xml:91:5-39
	android:icon
		ADDED from src/main/AndroidManifest.xml:92:5-39
	android:allowBackup
		ADDED from src/main/AndroidManifest.xml:90:5-32
	android:theme
		ADDED from src/main/AndroidManifest.xml:94:5-39
	android:name
		ADDED from src/main/AndroidManifest.xml:89:5-64
meta-data#agent.application
ADDED from src/main/AndroidManifest.xml:100:9-102:92
	android:value
		ADDED from src/main/AndroidManifest.xml:102:13-89
	android:name
		ADDED from src/main/AndroidManifest.xml:101:13-45
meta-data#agent.activity
ADDED from src/main/AndroidManifest.xml:105:9-107:89
	android:value
		ADDED from src/main/AndroidManifest.xml:107:13-86
	android:name
		ADDED from src/main/AndroidManifest.xml:106:13-42
meta-data#agent.activity.layout
ADDED from src/main/AndroidManifest.xml:109:9-111:36
	android:value
		ADDED from src/main/AndroidManifest.xml:111:13-33
	android:name
		ADDED from src/main/AndroidManifest.xml:110:13-49
meta-data#mpaasapi
ADDED from src/main/AndroidManifest.xml:114:9-116:89
	android:value
		ADDED from src/main/AndroidManifest.xml:116:13-86
	android:name
		ADDED from src/main/AndroidManifest.xml:115:13-36
meta-data#mobilegw.url
ADDED from src/main/AndroidManifest.xml:119:9-121:83
	android:value
		ADDED from src/main/AndroidManifest.xml:121:13-80
	android:name
		ADDED from src/main/AndroidManifest.xml:120:13-40
meta-data#appkey
ADDED from src/main/AndroidManifest.xml:123:9-125:53
	android:value
		ADDED from src/main/AndroidManifest.xml:125:13-50
	android:name
		ADDED from src/main/AndroidManifest.xml:124:13-34
meta-data#AppSecret
ADDED from src/main/AndroidManifest.xml:127:9-129:32
	android:value
		ADDED from src/main/AndroidManifest.xml:129:13-29
	android:name
		ADDED from src/main/AndroidManifest.xml:128:13-37
meta-data#rome.push.gw
ADDED from src/main/AndroidManifest.xml:132:9-134:65
	android:value
		ADDED from src/main/AndroidManifest.xml:134:9-62
	android:name
		ADDED from src/main/AndroidManifest.xml:133:9-36
meta-data#rome.push.port
ADDED from src/main/AndroidManifest.xml:136:9-138:31
	android:value
		ADDED from src/main/AndroidManifest.xml:138:9-28
	android:name
		ADDED from src/main/AndroidManifest.xml:137:9-38
meta-data#ALIPUSH_APPID
ADDED from src/main/AndroidManifest.xml:140:9-142:49
	android:value
		ADDED from src/main/AndroidManifest.xml:142:9-46
	android:name
		ADDED from src/main/AndroidManifest.xml:141:9-37
meta-data#logging.gateway
ADDED from src/main/AndroidManifest.xml:145:9-147:76
	android:value
		ADDED from src/main/AndroidManifest.xml:147:13-73
	android:name
		ADDED from src/main/AndroidManifest.xml:146:13-43
meta-data#setting.logging.encryption.pubkey
ADDED from src/main/AndroidManifest.xml:149:9-151:248
	android:value
		ADDED from src/main/AndroidManifest.xml:151:13-245
	android:name
		ADDED from src/main/AndroidManifest.xml:150:13-61
meta-data#workspaceId
ADDED from src/main/AndroidManifest.xml:154:9-156:41
	android:value
		ADDED from src/main/AndroidManifest.xml:156:13-38
	android:name
		ADDED from src/main/AndroidManifest.xml:155:13-39
meta-data#client_signature
ADDED from src/main/AndroidManifest.xml:159:9-161:28
	android:value
		ADDED from src/main/AndroidManifest.xml:161:9-25
	android:name
		ADDED from src/main/AndroidManifest.xml:160:9-40
meta-data#agent.commonservice.load
ADDED from src/main/AndroidManifest.xml:164:9-166:32
	android:value
		ADDED from src/main/AndroidManifest.xml:166:13-29
	android:name
		ADDED from src/main/AndroidManifest.xml:165:13-52
meta-data#mobilegw.appid
ADDED from src/main/AndroidManifest.xml:175:9-177:45
	android:value
		ADDED from src/main/AndroidManifest.xml:177:13-42
	android:name
		ADDED from src/main/AndroidManifest.xml:176:13-42
meta-data#mobilegw.rpcVersion
ADDED from src/main/AndroidManifest.xml:179:9-181:35
	android:value
		ADDED from src/main/AndroidManifest.xml:181:14-32
	android:name
		ADDED from src/main/AndroidManifest.xml:180:14-48
activity#com.alipay.mobile.quinox.LauncherActivity
ADDED from src/main/AndroidManifest.xml:183:9-193:20
	android:screenOrientation
		ADDED from src/main/AndroidManifest.xml:186:13-49
	android:windowSoftInputMode
		ADDED from src/main/AndroidManifest.xml:188:13-60
	android:configChanges
		ADDED from src/main/AndroidManifest.xml:185:13-74
	android:theme
		ADDED from src/main/AndroidManifest.xml:187:13-72
	android:name
		ADDED from src/main/AndroidManifest.xml:184:13-69
intent-filter#android.intent.action.MAIN+android.intent.category.LAUNCHER
ADDED from src/main/AndroidManifest.xml:189:13-192:29
action#android.intent.action.MAIN
ADDED from src/main/AndroidManifest.xml:190:17-69
	android:name
		ADDED from src/main/AndroidManifest.xml:190:25-66
category#android.intent.category.LAUNCHER
ADDED from src/main/AndroidManifest.xml:191:17-77
	android:name
		ADDED from src/main/AndroidManifest.xml:191:27-74
service#com.alipay.mobile.common.logging.process.LogServiceInToolsProcess
ADDED from src/main/AndroidManifest.xml:195:9-199:48
	android:process
		ADDED from src/main/AndroidManifest.xml:199:13-37
	android:enabled
		ADDED from src/main/AndroidManifest.xml:197:13-35
	android:exported
		ADDED from src/main/AndroidManifest.xml:198:13-37
	android:name
		ADDED from src/main/AndroidManifest.xml:196:13-93
service#com.alipay.pushsdk.push.NotificationService
ADDED from src/main/AndroidManifest.xml:202:9-211:19
	android:process
		ADDED from src/main/AndroidManifest.xml:206:13-36
	android:enabled
		ADDED from src/main/AndroidManifest.xml:204:13-35
	android:label
		ADDED from src/main/AndroidManifest.xml:207:13-48
	android:exported
		ADDED from src/main/AndroidManifest.xml:205:13-37
	android:name
		ADDED from src/main/AndroidManifest.xml:203:13-71
intent-filter#com.xiaolian.mpaasdemo.push.action.START_PUSHSERVICE
ADDED from src/main/AndroidManifest.xml:208:13-210:25
action#com.xiaolian.mpaasdemo.push.action.START_PUSHSERVICE
ADDED from src/main/AndroidManifest.xml:209:13-91
	android:name
		ADDED from src/main/AndroidManifest.xml:209:21-88
service#com.alipay.pushsdk.push.AppInfoRecvIntentService
ADDED from src/main/AndroidManifest.xml:213:9-217:19
	android:process
		ADDED from src/main/AndroidManifest.xml:216:13-36
	android:exported
		ADDED from src/main/AndroidManifest.xml:215:13-37
	android:name
		ADDED from src/main/AndroidManifest.xml:214:13-76